#
# A fatal error has been detected by the Java Runtime Environment:
#
#  SIGSEGV (0xb) at pc=0x00007f5d150d1800, pid=4264, tid=140037349029632
#
# JRE version: Java(TM) SE Runtime Environment (8.0_66-b17) (build 1.8.0_66-b17)
# Java VM: Java HotSpot(TM) 64-Bit Server VM (25.66-b17 mixed mode linux-amd64 compressed oops)
# Problematic frame:
# V  [libjvm.so+0x8a5800]  Method::checked_resolve_jmethod_id(_jmethodID*)+0x20
#
# Failed to write core dump. Core dumps have been disabled. To enable core dumping, try "ulimit -c unlimited" before starting Java again
#
# If you would like to submit a bug report, please visit:
#   http://bugreport.java.com/bugreport/crash.jsp
#

---------------  T H R E A D  ---------------

Current thread (0x00007f5d100c7800):  JavaThread "JDWP Transport Listener: dt_socket" daemon [_thread_in_vm, id=4281, stack(0x00007f5cfc61b000,0x00007f5cfc71c000)]

siginfo: si_signo: 11 (SIGSEGV), si_code: 128 (SI_KERNEL), si_addr: 0x0000000000000000

Registers:
RAX=0x0000000000000001, RBX=0x00007f5d10006800, RCX=0x00007f5d16203340, RDX=0x00007f5d157db560
RSP=0x00007f5cfc71aa50, RBP=0x00007f5cfc71aa60, RSI=0x00007f5d100c7800, RDI=0x003b747800003b79
R8 =0x00007f5cd00070c0, R9 =0x0000000000000000, R10=0x0000000000000020, R11=0x00007f5d1598d280
R12=0x0000000000000017, R13=0x003b747800003b79, R14=0x00007f5d100c7800, R15=0x00007f5cfc71ab67
RIP=0x00007f5d150d1800, EFLAGS=0x0000000000010202, CSGSFS=0x0000000000000033, ERR=0x0000000000000000
  TRAPNO=0x000000000000000d

Top of Stack: (sp=0x00007f5cfc71aa50)
0x00007f5cfc71aa50:   0000000000000074 00007f5d10006800
0x00007f5cfc71aa60:   00007f5cfc71aad0 00007f5d14f622de
0x00007f5cfc71aa70:   00007f5cfc71aa90 00007f5cfc71aa80
0x00007f5cfc71aa80:   00007f5d100c7800 0000000000000000
0x00007f5cfc71aa90:   00007f5c00000000 0000000000000000
0x00007f5cfc71aaa0:   00007f5cfc71aac0 00007f5d0fdd3e40
0x00007f5cfc71aab0:   003b747800003b79 00007f5cfc71ab67
0x00007f5cfc71aac0:   0000000000000008 00007f5cfc71ab67
0x00007f5cfc71aad0:   00007f5cfc71ab00 00007f5d0fbbf8c2
0x00007f5cfc71aae0:   00007f5cfc71ab00 003b747800003b79
0x00007f5cfc71aaf0:   00007f5cfc71abd0 0000000000000040
0x00007f5cfc71ab00:   00007f5cfc71ab90 00007f5d0fba0aa0
0x00007f5cfc71ab10:   00007f5cfc71ab48 00007f5cfc71ab40
0x00007f5cfc71ab20:   00007f5cfc71ab38 00007f5cfc71ab5c
0x00007f5cfc71ab30:   00000001d00030e0 0000000000000000
0x00007f5cfc71ab40:   0000000000000000 0000000000000000
0x00007f5cfc71ab50:   00007f5cd00089a0 f000100afc71abd0
0x00007f5cfc71ab60:   0100000000000009 0000000000000002
0x00007f5cfc71ab70:   000000000000000f 0000000000000002
0x00007f5cfc71ab80:   00000000000f0200 000000000000000f
0x00007f5cfc71ab90:   00007f5cfc71ade0 00007f5d0fbab9c6
0x00007f5cfc71aba0:   00001e9600000013 00007f5d140f0200
0x00007f5cfc71abb0:   00007f5cc8000fb0 0000000000000000
0x00007f5cfc71abc0:   00007f5cfc71abd0 00007f5cfc71ad60
0x00007f5cfc71abd0:   00007f5cd000f208 00007f5d000001c0
0x00007f5cfc71abe0:   00007f5cd000ec50 000000000000012c
0x00007f5cfc71abf0:   00007f5cfc71ac20 00007f5cd000ec50
0x00007f5cfc71ac00:   00007f0000000000 00001e960000001c
0x00007f5cfc71ac10:   00007f5c0000ad80 00007f5cfc71ac20
0x00007f5cfc71ac20:   5c7f000009000000 03000000e87100d0
0x00007f5cfc71ac30:   28160000006e7572 6c2f6176616a4c5b
0x00007f5cfc71ac40:   697274532f676e61 00000056293b676e 

Instructions: (pc=0x00007f5d150d1800)
0x00007f5d150d17e0:   55 48 89 e5 53 48 83 ec 08 48 85 ff 75 12 31 db
0x00007f5d150d17f0:   48 89 d8 48 83 c4 08 5b c9 c3 66 0f 1f 44 00 00
0x00007f5d150d1800:   48 8b 1f 48 85 db 74 e6 48 83 fb 37 74 e0 48 8b
0x00007f5d150d1810:   03 48 89 df ff 50 10 84 c0 0f 1f 80 00 00 00 00 

Register to memory mapping:

RAX=0x0000000000000001 is an unknown value
RBX=0x00007f5d10006800 is an unknown value
RCX=0x00007f5d16203340: <offset 0x219340> in /lib/x86_64-linux-gnu/libpthread.so.0 at 0x00007f5d15fea000
RDX=0x00007f5d157db560: <offset 0xfaf560> in /usr/lib/jvm/java-8-oracle/jre/lib/amd64/server/libjvm.so at 0x00007f5d1482c000
RSP=0x00007f5cfc71aa50 is pointing into the stack for thread: 0x00007f5d100c7800
RBP=0x00007f5cfc71aa60 is pointing into the stack for thread: 0x00007f5d100c7800
RSI=0x00007f5d100c7800 is a thread
RDI=0x003b747800003b79 is an unknown value
R8 =0x00007f5cd00070c0 is an unknown value
R9 =0x0000000000000000 is an unknown value
R10=0x0000000000000020 is an unknown value
R11=0x00007f5d1598d280: <offset 0x187280> in /lib/x86_64-linux-gnu/libc.so.6 at 0x00007f5d15806000
R12=0x0000000000000017 is an unknown value
R13=0x003b747800003b79 is an unknown value
R14=0x00007f5d100c7800 is a thread
R15=0x00007f5cfc71ab67 is pointing into the stack for thread: 0x00007f5d100c7800


Stack: [0x00007f5cfc61b000,0x00007f5cfc71c000],  sp=0x00007f5cfc71aa50,  free space=1022k
Native frames: (J=compiled Java code, j=interpreted, Vv=VM code, C=native code)
V  [libjvm.so+0x8a5800]  Method::checked_resolve_jmethod_id(_jmethodID*)+0x20
V  [libjvm.so+0x7362de]  jvmti_IsMethodSynthetic+0x2be
C  [libjdwp.so+0x258c2]  isMethodSynthetic+0x42
C  [libjdwp.so+0x6aa0]  methods1+0x1b0
C  [libjdwp.so+0x119c6]  debugLoop_run+0x2b6
C  [libjdwp.so+0x247ff]  attachThread+0x2f
V  [libjvm.so+0x7a2a62]  JvmtiAgentThread::call_start_function()+0xc2
V  [libjvm.so+0xa68fff]  JavaThread::thread_main_inner()+0xdf
V  [libjvm.so+0xa6912c]  JavaThread::run()+0x11c
V  [libjvm.so+0x91cc68]  java_start(Thread*)+0x108
C  [libpthread.so.0+0x76aa]  start_thread+0xca


---------------  P R O C E S S  ---------------

Java Threads: ( => current thread )
  0x00007f5d109f0000 JavaThread "MongoCleaner292958927" daemon [_thread_blocked, id=4303, stack(0x00007f5cbec3a000,0x00007f5cbed3b000)]
  0x00007f5d109eb800 JavaThread "cluster-1-localhost:27017" daemon [_thread_blocked, id=4302, stack(0x00007f5cbed3b000,0x00007f5cbee3c000)]
  0x00007f5d103dd800 JavaThread "RMI TCP Accept-0" daemon [_thread_in_native, id=4294, stack(0x00007f5cbf56a000,0x00007f5cbf66b000)]
  0x00007f5d103aa800 JavaThread "RMI TCP Accept-19991" daemon [_thread_in_native, id=4293, stack(0x00007f5cbf675000,0x00007f5cbf776000)]
  0x00007f5d10394800 JavaThread "RMI TCP Accept-0" daemon [_thread_in_native, id=4292, stack(0x00007f5cbf776000,0x00007f5cbf877000)]
  0x00007f5d100df800 JavaThread "Service Thread" daemon [_thread_blocked, id=4291, stack(0x00007f5cfc015000,0x00007f5cfc116000)]
  0x00007f5d100d2000 JavaThread "C1 CompilerThread2" daemon [_thread_blocked, id=4290, stack(0x00007f5cfc116000,0x00007f5cfc217000)]
  0x00007f5d100d0000 JavaThread "C2 CompilerThread1" daemon [_thread_blocked, id=4289, stack(0x00007f5cfc217000,0x00007f5cfc318000)]
  0x00007f5d100cd800 JavaThread "C2 CompilerThread0" daemon [_thread_blocked, id=4288, stack(0x00007f5cfc318000,0x00007f5cfc419000)]
  0x00007f5cd0001000 JavaThread "JDWP Command Reader" daemon [_thread_in_native, id=4285, stack(0x00007f5cfc419000,0x00007f5cfc51a000)]
  0x00007f5d100cb000 JavaThread "JDWP Event Helper Thread" daemon [_thread_blocked, id=4284, stack(0x00007f5cfc51a000,0x00007f5cfc61b000)]
=>0x00007f5d100c7800 JavaThread "JDWP Transport Listener: dt_socket" daemon [_thread_in_vm, id=4281, stack(0x00007f5cfc61b000,0x00007f5cfc71c000)]
  0x00007f5d100b9800 JavaThread "Signal Dispatcher" daemon [_thread_blocked, id=4279, stack(0x00007f5cfc920000,0x00007f5cfca21000)]
  0x00007f5d10084800 JavaThread "Finalizer" daemon [_thread_blocked, id=4277, stack(0x00007f5cfca21000,0x00007f5cfcb22000)]
  0x00007f5d10082800 JavaThread "Reference Handler" daemon [_thread_blocked, id=4276, stack(0x00007f5cfcb22000,0x00007f5cfcc23000)]
  0x00007f5d1000f000 JavaThread "main" [_thread_blocked, id=4269, stack(0x00007f5d16306000,0x00007f5d16407000)]

Other Threads:
  0x00007f5d1007d800 VMThread [stack: 0x00007f5cfcc23000,0x00007f5cfcd24000] [id=4275]
  0x00007f5d103e2000 WatcherThread [stack: 0x00007f5cbf469000,0x00007f5cbf56a000] [id=4295]

VM state:not at safepoint (normal execution)

VM Mutex/Monitor currently owned by a thread: None

Heap:
 PSYoungGen      total 68608K, used 15229K [0x00000000d7000000, 0x00000000db800000, 0x0000000100000000)
  eden space 63488K, 15% used [0x00000000d7000000,0x00000000d79e7660,0x00000000dae00000)
  from space 5120K, 99% used [0x00000000db300000,0x00000000db7f8060,0x00000000db800000)
  to   space 5120K, 0% used [0x00000000dae00000,0x00000000dae00000,0x00000000db300000)
 ParOldGen       total 84992K, used 2590K [0x0000000085000000, 0x000000008a300000, 0x00000000d7000000)
  object space 84992K, 3% used [0x0000000085000000,0x00000000852878d0,0x000000008a300000)
 Metaspace       used 19007K, capacity 19302K, committed 19712K, reserved 1067008K
  class space    used 2409K, capacity 2491K, committed 2560K, reserved 1048576K

Card table byte_map: [0x00007f5cff0c0000,0x00007f5cff499000] byte_map_base: 0x00007f5cfec98000

Marking Bits: (ParMarkBitMap*) 0x00007f5d157db020
 Begin Bits: [0x00007f5cf4280000, 0x00007f5cf6140000)
 End Bits:   [0x00007f5cf6140000, 0x00007f5cf8000000)

Polling page: 0x00007f5d16428000

CodeCache: size=245760Kb used=7706Kb max_used=7706Kb free=238053Kb
 bounds [0x00007f5cff859000, 0x00007f5cfffe9000, 0x00007f5d0e859000]
 total_blobs=2513 nmethods=2149 adapters=285
 compilation: enabled

Compilation events (10 events):
Event: 161,673 Thread 0x00007f5d100d2000 2158       3       java.util.Collections$UnmodifiableList$1::hasNext (10 bytes)
Event: 161,673 Thread 0x00007f5d100d2000 nmethod 2158 0x00007f5cfffdcf90 code [0x00007f5cfffdd100, 0x00007f5cfffdd328]
Event: 166,674 Thread 0x00007f5d100d2000 2159       3       org.bson.io.OutputBuffer::writeCString (273 bytes)
Event: 166,676 Thread 0x00007f5d100d2000 nmethod 2159 0x00007f5cfffe1890 code [0x00007f5cfffe1c00, 0x00007f5cfffe3a58]
Event: 171,675 Thread 0x00007f5d100d2000 2160       3       com.mongodb.BasicDBObject::<init> (5 bytes)
Event: 171,675 Thread 0x00007f5d100d2000 nmethod 2160 0x00007f5cfffdef50 code [0x00007f5cfffdf0e0, 0x00007f5cfffdf410]
Event: 171,675 Thread 0x00007f5d100d2000 2161       3       org.bson.BasicBSONObject::<init> (5 bytes)
Event: 171,675 Thread 0x00007f5d100d2000 nmethod 2161 0x00007f5cfffde990 code [0x00007f5cfffdeb00, 0x00007f5cfffdedd0]
Event: 176,676 Thread 0x00007f5d100d2000 2162       1       java.lang.Enum::toString (5 bytes)
Event: 176,676 Thread 0x00007f5d100d2000 nmethod 2162 0x00007f5cfffde6d0 code [0x00007f5cfffde820, 0x00007f5cfffde930]

GC Heap History (8 events):
Event: 0,703 GC heap before
{Heap before GC invocations=1 (full 0):
 PSYoungGen      total 36864K, used 31744K [0x00000000d7000000, 0x00000000d9900000, 0x0000000100000000)
  eden space 31744K, 100% used [0x00000000d7000000,0x00000000d8f00000,0x00000000d8f00000)
  from space 5120K, 0% used [0x00000000d9400000,0x00000000d9400000,0x00000000d9900000)
  to   space 5120K, 0% used [0x00000000d8f00000,0x00000000d8f00000,0x00000000d9400000)
 ParOldGen       total 84992K, used 0K [0x0000000085000000, 0x000000008a300000, 0x00000000d7000000)
  object space 84992K, 0% used [0x0000000085000000,0x0000000085000000,0x000000008a300000)
 Metaspace       used 11253K, capacity 11466K, committed 11648K, reserved 1058816K
  class space    used 1374K, capacity 1407K, committed 1408K, reserved 1048576K
Event: 0,709 GC heap after
Heap after GC invocations=1 (full 0):
 PSYoungGen      total 36864K, used 5070K [0x00000000d7000000, 0x00000000d9900000, 0x0000000100000000)
  eden space 31744K, 0% used [0x00000000d7000000,0x00000000d7000000,0x00000000d8f00000)
  from space 5120K, 99% used [0x00000000d8f00000,0x00000000d93f3b10,0x00000000d9400000)
  to   space 5120K, 0% used [0x00000000d9400000,0x00000000d9400000,0x00000000d9900000)
 ParOldGen       total 84992K, used 8K [0x0000000085000000, 0x000000008a300000, 0x00000000d7000000)
  object space 84992K, 0% used [0x0000000085000000,0x0000000085002000,0x000000008a300000)
 Metaspace       used 11253K, capacity 11466K, committed 11648K, reserved 1058816K
  class space    used 1374K, capacity 1407K, committed 1408K, reserved 1048576K
}
Event: 1,057 GC heap before
{Heap before GC invocations=2 (full 0):
 PSYoungGen      total 36864K, used 36814K [0x00000000d7000000, 0x00000000d9900000, 0x0000000100000000)
  eden space 31744K, 100% used [0x00000000d7000000,0x00000000d8f00000,0x00000000d8f00000)
  from space 5120K, 99% used [0x00000000d8f00000,0x00000000d93f3b10,0x00000000d9400000)
  to   space 5120K, 0% used [0x00000000d9400000,0x00000000d9400000,0x00000000d9900000)
 ParOldGen       total 84992K, used 8K [0x0000000085000000, 0x000000008a300000, 0x00000000d7000000)
  object space 84992K, 0% used [0x0000000085000000,0x0000000085002000,0x000000008a300000)
 Metaspace       used 12842K, capacity 13038K, committed 13184K, reserved 1060864K
  class space    used 1561K, capacity 1605K, committed 1664K, reserved 1048576K
Event: 1,065 GC heap after
Heap after GC invocations=2 (full 0):
 PSYoungGen      total 36864K, used 4793K [0x00000000d7000000, 0x00000000db800000, 0x0000000100000000)
  eden space 31744K, 0% used [0x00000000d7000000,0x00000000d7000000,0x00000000d8f00000)
  from space 5120K, 93% used [0x00000000d9400000,0x00000000d98ae7d0,0x00000000d9900000)
  to   space 5120K, 0% used [0x00000000d8f00000,0x00000000d8f00000,0x00000000d9400000)
 ParOldGen       total 84992K, used 16K [0x0000000085000000, 0x000000008a300000, 0x00000000d7000000)
  object space 84992K, 0% used [0x0000000085000000,0x0000000085004000,0x000000008a300000)
 Metaspace       used 12842K, capacity 13038K, committed 13184K, reserved 1060864K
  class space    used 1561K, capacity 1605K, committed 1664K, reserved 1048576K
}
Event: 1,400 GC heap before
{Heap before GC invocations=3 (full 0):
 PSYoungGen      total 36864K, used 36537K [0x00000000d7000000, 0x00000000db800000, 0x0000000100000000)
  eden space 31744K, 100% used [0x00000000d7000000,0x00000000d8f00000,0x00000000d8f00000)
  from space 5120K, 93% used [0x00000000d9400000,0x00000000d98ae7d0,0x00000000d9900000)
  to   space 5120K, 0% used [0x00000000d8f00000,0x00000000d8f00000,0x00000000d9400000)
 ParOldGen       total 84992K, used 16K [0x0000000085000000, 0x000000008a300000, 0x00000000d7000000)
  object space 84992K, 0% used [0x0000000085000000,0x0000000085004000,0x000000008a300000)
 Metaspace       used 14600K, capacity 14816K, committed 14976K, reserved 1062912K
  class space    used 1783K, capacity 1832K, committed 1920K, reserved 1048576K
Event: 1,406 GC heap after
Heap after GC invocations=3 (full 0):
 PSYoungGen      total 36864K, used 5117K [0x00000000d7000000, 0x00000000db800000, 0x0000000100000000)
  eden space 31744K, 0% used [0x00000000d7000000,0x00000000d7000000,0x00000000d8f00000)
  from space 5120K, 99% used [0x00000000d8f00000,0x00000000d93ff7a0,0x00000000d9400000)
  to   space 5120K, 0% used [0x00000000db300000,0x00000000db300000,0x00000000db800000)
 ParOldGen       total 84992K, used 146K [0x0000000085000000, 0x000000008a300000, 0x00000000d7000000)
  object space 84992K, 0% used [0x0000000085000000,0x0000000085024938,0x000000008a300000)
 Metaspace       used 14600K, capacity 14816K, committed 14976K, reserved 1062912K
  class space    used 1783K, capacity 1832K, committed 1920K, reserved 1048576K
}
Event: 1,867 GC heap before
{Heap before GC invocations=4 (full 0):
 PSYoungGen      total 36864K, used 36861K [0x00000000d7000000, 0x00000000db800000, 0x0000000100000000)
  eden space 31744K, 100% used [0x00000000d7000000,0x00000000d8f00000,0x00000000d8f00000)
  from space 5120K, 99% used [0x00000000d8f00000,0x00000000d93ff7a0,0x00000000d9400000)
  to   space 5120K, 0% used [0x00000000db300000,0x00000000db300000,0x00000000db800000)
 ParOldGen       total 84992K, used 146K [0x0000000085000000, 0x000000008a300000, 0x00000000d7000000)
  object space 84992K, 0% used [0x0000000085000000,0x0000000085024938,0x000000008a300000)
 Metaspace       used 17571K, capacity 17752K, committed 17920K, reserved 1064960K
  class space    used 2222K, capacity 2252K, committed 2304K, reserved 1048576K
Event: 1,881 GC heap after
Heap after GC invocations=4 (full 0):
 PSYoungGen      total 68608K, used 5088K [0x00000000d7000000, 0x00000000db800000, 0x0000000100000000)
  eden space 63488K, 0% used [0x00000000d7000000,0x00000000d7000000,0x00000000dae00000)
  from space 5120K, 99% used [0x00000000db300000,0x00000000db7f8060,0x00000000db800000)
  to   space 5120K, 0% used [0x00000000dae00000,0x00000000dae00000,0x00000000db300000)
 ParOldGen       total 84992K, used 2590K [0x0000000085000000, 0x000000008a300000, 0x00000000d7000000)
  object space 84992K, 3% used [0x0000000085000000,0x00000000852878d0,0x000000008a300000)
 Metaspace       used 17571K, capacity 17752K, committed 17920K, reserved 1064960K
  class space    used 2222K, capacity 2252K, committed 2304K, reserved 1048576K
}

Deoptimization events (10 events):
Event: 1,916 Thread 0x00007f5d1000f000 Uncommon trap: reason=unhandled action=none pc=0x00007f5cffedf384 method=java.net.URLClassLoader.findClass(Ljava/lang/String;)Ljava/lang/Class; @ 44
Event: 1,916 Thread 0x00007f5d1000f000 Uncommon trap: reason=unhandled action=none pc=0x00007f5cffedf384 method=java.net.URLClassLoader.findClass(Ljava/lang/String;)Ljava/lang/Class; @ 44
Event: 1,917 Thread 0x00007f5d1000f000 Uncommon trap: reason=unhandled action=none pc=0x00007f5cffedf384 method=java.net.URLClassLoader.findClass(Ljava/lang/String;)Ljava/lang/Class; @ 44
Event: 1,919 Thread 0x00007f5d1000f000 Uncommon trap: reason=unhandled action=none pc=0x00007f5cffedf384 method=java.net.URLClassLoader.findClass(Ljava/lang/String;)Ljava/lang/Class; @ 44
Event: 1,919 Thread 0x00007f5d1000f000 Uncommon trap: reason=unhandled action=none pc=0x00007f5cffedf384 method=java.net.URLClassLoader.findClass(Ljava/lang/String;)Ljava/lang/Class; @ 44
Event: 1,928 Thread 0x00007f5d1000f000 Uncommon trap: reason=predicate action=maybe_recompile pc=0x00007f5cffd9dab4 method=java.lang.String.regionMatches(ZILjava/lang/String;II)Z @ 63
Event: 6,816 Thread 0x00007f5d1000f000 Uncommon trap: reason=range_check action=none pc=0x00007f5cffac4324 method=sun.reflect.generics.parser.SignatureParser.current()C @ 34
Event: 6,817 Thread 0x00007f5d1000f000 Uncommon trap: reason=range_check action=none pc=0x00007f5cffac4324 method=sun.reflect.generics.parser.SignatureParser.current()C @ 34
Event: 6,817 Thread 0x00007f5d1000f000 Uncommon trap: reason=range_check action=none pc=0x00007f5cffac4324 method=sun.reflect.generics.parser.SignatureParser.current()C @ 34
Event: 6,837 Thread 0x00007f5d1000f000 Uncommon trap: reason=unhandled action=none pc=0x00007f5cffedf384 method=java.net.URLClassLoader.findClass(Ljava/lang/String;)Ljava/lang/Class; @ 44

Internal exceptions (10 events):
Event: 5,374 Thread 0x00007f5d1000f000 Exception <a 'java/lang/ArrayIndexOutOfBoundsException': 98> (0x00000000d75adfd0) thrown at [/HUDSON/workspace/8-2-build-linux-amd64/jdk8u66/4988/hotspot/src/share/vm/interpreter/interpreterRuntime.cpp, line 366]
Event: 6,816 Thread 0x00007f5d1000f000 Exception <a 'java/lang/ArrayIndexOutOfBoundsException': 55> (0x00000000d75b2640) thrown at [/HUDSON/workspace/8-2-build-linux-amd64/jdk8u66/4988/hotspot/src/share/vm/interpreter/interpreterRuntime.cpp, line 366]
Event: 6,817 Thread 0x00007f5d1000f000 Exception <a 'java/lang/ArrayIndexOutOfBoundsException': 15> (0x00000000d75b3a60) thrown at [/HUDSON/workspace/8-2-build-linux-amd64/jdk8u66/4988/hotspot/src/share/vm/interpreter/interpreterRuntime.cpp, line 366]
Event: 6,817 Thread 0x00007f5d1000f000 Exception <a 'java/lang/ArrayIndexOutOfBoundsException': 15> (0x00000000d75b57b8) thrown at [/HUDSON/workspace/8-2-build-linux-amd64/jdk8u66/4988/hotspot/src/share/vm/interpreter/interpreterRuntime.cpp, line 366]
Event: 8,144 Thread 0x00007f5d1000f000 Exception <a 'java/lang/ArrayIndexOutOfBoundsException': 23> (0x00000000d7613280) thrown at [/HUDSON/workspace/8-2-build-linux-amd64/jdk8u66/4988/hotspot/src/share/vm/interpreter/interpreterRuntime.cpp, line 366]
Event: 8,188 Thread 0x00007f5d1000f000 Exception <a 'java/lang/ArrayIndexOutOfBoundsException': 117> (0x00000000d76ca8e8) thrown at [/HUDSON/workspace/8-2-build-linux-amd64/jdk8u66/4988/hotspot/src/share/vm/interpreter/interpreterRuntime.cpp, line 366]
Event: 8,207 Thread 0x00007f5d1000f000 Exception <a 'java/lang/ArrayIndexOutOfBoundsException': 98> (0x00000000d7735cc8) thrown at [/HUDSON/workspace/8-2-build-linux-amd64/jdk8u66/4988/hotspot/src/share/vm/interpreter/interpreterRuntime.cpp, line 366]
Event: 8,217 Thread 0x00007f5d1000f000 Exception <a 'java/lang/ArrayIndexOutOfBoundsException': 113> (0x00000000d7749200) thrown at [/HUDSON/workspace/8-2-build-linux-amd64/jdk8u66/4988/hotspot/src/share/vm/interpreter/interpreterRuntime.cpp, line 366]
Event: 8,233 Thread 0x00007f5d1000f000 Exception <a 'java/lang/ArrayIndexOutOfBoundsException': 23> (0x00000000d7756c30) thrown at [/HUDSON/workspace/8-2-build-linux-amd64/jdk8u66/4988/hotspot/src/share/vm/interpreter/interpreterRuntime.cpp, line 366]
Event: 9,626 Thread 0x00007f5d1000f000 Exception <a 'java/lang/ArrayIndexOutOfBoundsException': 55> (0x00000000d77f8e00) thrown at [/HUDSON/workspace/8-2-build-linux-amd64/jdk8u66/4988/hotspot/src/share/vm/interpreter/interpreterRuntime.cpp, line 366]

Events (10 events):
Event: 178,655 Executing VM operation: GetCurrentLocation
Event: 178,656 Executing VM operation: GetCurrentLocation done
Event: 178,656 Executing VM operation: EnterInterpOnlyMode
Event: 178,656 Executing VM operation: EnterInterpOnlyMode done
Event: 178,656 Executing VM operation: ChangeSingleStep
Event: 178,656 Executing VM operation: ChangeSingleStep done
Event: 178,656 Executing VM operation: ChangeSingleStep
Event: 178,656 Executing VM operation: ChangeSingleStep done
Event: 178,661 Executing VM operation: RedefineClasses
Event: 178,678 Executing VM operation: RedefineClasses done


Dynamic libraries:
00400000-00401000 r-xp 00000000 08:07 1188540                            /usr/lib/jvm/java-8-oracle/bin/java
00600000-00601000 rw-p 00000000 08:07 1188540                            /usr/lib/jvm/java-8-oracle/bin/java
0101b000-0103c000 rw-p 00000000 00:00 0                                  [heap]
85000000-8a300000 rw-p 00000000 00:00 0 
8a300000-d7000000 ---p 00000000 00:00 0 
d7000000-db800000 rw-p 00000000 00:00 0 
db800000-100000000 ---p 00000000 00:00 0 
100000000-100280000 rw-p 00000000 00:00 0 
100280000-140000000 ---p 00000000 00:00 0 
7f5c9c000000-7f5c9c021000 rw-p 00000000 00:00 0 
7f5c9c021000-7f5ca0000000 ---p 00000000 00:00 0 
7f5ca4000000-7f5ca4021000 rw-p 00000000 00:00 0 
7f5ca4021000-7f5ca8000000 ---p 00000000 00:00 0 
7f5ca8000000-7f5ca8058000 rw-p 00000000 00:00 0 
7f5ca8058000-7f5cac000000 ---p 00000000 00:00 0 
7f5cac000000-7f5cac021000 rw-p 00000000 00:00 0 
7f5cac021000-7f5cb0000000 ---p 00000000 00:00 0 
7f5cb0000000-7f5cb0021000 rw-p 00000000 00:00 0 
7f5cb0021000-7f5cb4000000 ---p 00000000 00:00 0 
7f5cb4000000-7f5cb4021000 rw-p 00000000 00:00 0 
7f5cb4021000-7f5cb8000000 ---p 00000000 00:00 0 
7f5cb8000000-7f5cb8021000 rw-p 00000000 00:00 0 
7f5cb8021000-7f5cbc000000 ---p 00000000 00:00 0 
7f5cbe83a000-7f5cbe8fa000 rw-p 00000000 00:00 0 
7f5cbe8fa000-7f5cbea3a000 ---p 00000000 00:00 0 
7f5cbea3a000-7f5cbec3a000 rw-p 00000000 00:00 0 
7f5cbec3a000-7f5cbec3d000 ---p 00000000 00:00 0 
7f5cbec3d000-7f5cbed3b000 rw-p 00000000 00:00 0                          [stack:4303]
7f5cbed3b000-7f5cbed3e000 ---p 00000000 00:00 0 
7f5cbed3e000-7f5cbf03c000 rw-p 00000000 00:00 0                          [stack:4302]
7f5cbf03c000-7f5cbf23c000 rw-p 00000000 00:00 0 
7f5cbf23c000-7f5cbf43c000 rw-p 00000000 00:00 0 
7f5cbf43c000-7f5cbf443000 r--s 00000000 08:07 1444476                    /usr/lib/x86_64-linux-gnu/gconv/gconv-modules.cache
7f5cbf443000-7f5cbf469000 r--p 00000000 08:07 1704844                    /usr/share/locale-langpack/fr/LC_MESSAGES/libc.mo
7f5cbf469000-7f5cbf46a000 ---p 00000000 00:00 0 
7f5cbf46a000-7f5cbf56a000 rw-p 00000000 00:00 0                          [stack:4295]
7f5cbf56a000-7f5cbf56d000 ---p 00000000 00:00 0 
7f5cbf56d000-7f5cbf66b000 rw-p 00000000 00:00 0                          [stack:4294]
7f5cbf66b000-7f5cbf675000 r--s 00116000 08:07 1196906                    /usr/lib/jvm/java-8-oracle/jre/lib/ext/localedata.jar
7f5cbf675000-7f5cbf678000 ---p 00000000 00:00 0 
7f5cbf678000-7f5cbf776000 rw-p 00000000 00:00 0                          [stack:4293]
7f5cbf776000-7f5cbf779000 ---p 00000000 00:00 0 
7f5cbf779000-7f5cbf877000 rw-p 00000000 00:00 0                          [stack:4292]
7f5cbf877000-7f5cbf87c000 r--s 00096000 08:07 1196895                    /usr/lib/jvm/java-8-oracle/jre/lib/jsse.jar
7f5cbf87c000-7f5cbf883000 r--s 0003d000 08:07 1048716                    /home/noomen/.gradle/caches/modules-2/files-2.1/org.yaml/snakeyaml/1.14/c2df91929ed06a25001939929bff5120e0ea3fd4/snakeyaml-1.14.jar
7f5cbf883000-7f5cbf88a000 r--s 00037000 08:07 1048711                    /home/noomen/.gradle/caches/modules-2/files-2.1/org.springframework/spring-tx/4.1.8.RELEASE/e4dd537d67f92ee7cb82d5cfd9dd86269cc78481/spring-tx-4.1.8.RELEASE.jar
7f5cbf88a000-7f5cbf896000 r--s 0006f000 08:07 1048905                    /home/noomen/.gradle/caches/modules-2/files-2.1/org.springframework/spring-test/4.1.6.RELEASE/89612cafdac51bc92d9bd512e1863a9111a08b4e/spring-test-4.1.6.RELEASE.jar
7f5cbf896000-7f5cbf89b000 r--s 0003c000 08:07 1048924                    /home/noomen/.gradle/caches/modules-2/files-2.1/org.springframework/spring-expression/4.2.2.RELEASE/966ab265ede093a8cd24a09f32cf7ad96a24dc71/spring-expression-4.2.2.RELEASE.jar
7f5cbf89b000-7f5cbf8b0000 r--s 000f0000 08:07 1048923                    /home/noomen/.gradle/caches/modules-2/files-2.1/org.springframework/spring-core/4.2.2.RELEASE/963d6c9d0b546b6313fb51618ed5c080e8981ddc/spring-core-4.2.2.RELEASE.jar
7f5cbf8b0000-7f5cbf8c9000 r--s 000f1000 08:07 1048920                    /home/noomen/.gradle/caches/modules-2/files-2.1/org.springframework/spring-context/4.2.2.RELEASE/f384619756dc640498cfbb955352ca9546c4630d/spring-context-4.2.2.RELEASE.jar
7f5cbf8c9000-7f5cbf8d7000 r--s 000a5000 08:07 1048922                    /home/noomen/.gradle/caches/modules-2/files-2.1/org.springframework/spring-beans/4.2.2.RELEASE/c0384c9b077c02ce34234ba258a5161c30ac6895/spring-beans-4.2.2.RELEASE.jar
7f5cbf8d7000-7f5cbf8e8000 r-xp 00000000 08:07 1197060                    /usr/lib/jvm/java-8-oracle/jre/lib/amd64/libnio.so
7f5cbf8e8000-7f5cbfae7000 ---p 00011000 08:07 1197060                    /usr/lib/jvm/java-8-oracle/jre/lib/amd64/libnio.so
7f5cbfae7000-7f5cbfae8000 rw-p 00010000 08:07 1197060                    /usr/lib/jvm/java-8-oracle/jre/lib/amd64/libnio.so
7f5cbfae8000-7f5cbfde9000 rw-p 00000000 00:00 0 
7f5cbfde9000-7f5cbfdff000 r-xp 00000000 08:07 1197057                    /usr/lib/jvm/java-8-oracle/jre/lib/amd64/libnet.so
7f5cbfdff000-7f5cbffff000 ---p 00016000 08:07 1197057                    /usr/lib/jvm/java-8-oracle/jre/lib/amd64/libnet.so
7f5cbffff000-7f5cc0000000 rw-p 00016000 08:07 1197057                    /usr/lib/jvm/java-8-oracle/jre/lib/amd64/libnet.so
7f5cc0000000-7f5cc06f4000 rw-p 00000000 00:00 0 
7f5cc06f4000-7f5cc4000000 ---p 00000000 00:00 0 
7f5cc4000000-7f5cc4726000 rw-p 00000000 00:00 0 
7f5cc4726000-7f5cc8000000 ---p 00000000 00:00 0 
7f5cc8000000-7f5cc8021000 rw-p 00000000 00:00 0 
7f5cc8021000-7f5ccc000000 ---p 00000000 00:00 0 
7f5ccc000000-7f5cccad8000 rw-p 00000000 00:00 0 
7f5cccad8000-7f5cd0000000 ---p 00000000 00:00 0 
7f5cd0000000-7f5cd02b8000 rw-p 00000000 00:00 0 
7f5cd02b8000-7f5cd4000000 ---p 00000000 00:00 0 
7f5cd4000000-7f5cd4021000 rw-p 00000000 00:00 0 
7f5cd4021000-7f5cd8000000 ---p 00000000 00:00 0 
7f5cd8000000-7f5cd8021000 rw-p 00000000 00:00 0 
7f5cd8021000-7f5cdc000000 ---p 00000000 00:00 0 
7f5cdc000000-7f5cdc021000 rw-p 00000000 00:00 0 
7f5cdc021000-7f5ce0000000 ---p 00000000 00:00 0 
7f5ce0000000-7f5ce0021000 rw-p 00000000 00:00 0 
7f5ce0021000-7f5ce4000000 ---p 00000000 00:00 0 
7f5ce4000000-7f5ce4021000 rw-p 00000000 00:00 0 
7f5ce4021000-7f5ce8000000 ---p 00000000 00:00 0 
7f5ce8000000-7f5ce8021000 rw-p 00000000 00:00 0 
7f5ce8021000-7f5cec000000 ---p 00000000 00:00 0 
7f5cec000000-7f5cec021000 rw-p 00000000 00:00 0 
7f5cec021000-7f5cf0000000 ---p 00000000 00:00 0 
7f5cf0000000-7f5cf0021000 rw-p 00000000 00:00 0 
7f5cf0021000-7f5cf4000000 ---p 00000000 00:00 0 
7f5cf4000000-7f5cf4003000 rw-p 00000000 00:00 0 
7f5cf4003000-7f5cf400c000 r--s 00051000 08:07 1048921                    /home/noomen/.gradle/caches/modules-2/files-2.1/org.springframework/spring-aop/4.2.2.RELEASE/b8d352f994790af6b54a5028255232316b74ca20/spring-aop-4.2.2.RELEASE.jar
7f5cf400c000-7f5cf4019000 r--s 0007a000 08:07 1048712                    /home/noomen/.gradle/caches/modules-2/files-2.1/org.springframework.data/spring-data-mongodb/1.6.4.RELEASE/24999001b8a03d6662d21e4ede2201ab08c7cc40/spring-data-mongodb-1.6.4.RELEASE.jar
7f5cf4019000-7f5cf4026000 r--s 0006f000 08:07 1048718                    /home/noomen/.gradle/caches/modules-2/files-2.1/org.springframework.data/spring-data-commons/1.9.4.RELEASE/7268755b2584c1c41a6da624e9b60c93b21abb95/spring-data-commons-1.9.4.RELEASE.jar
7f5cf4026000-7f5cf4030000 r--s 00060000 08:07 1048713                    /home/noomen/.gradle/caches/modules-2/files-2.1/org.springframework.boot/spring-boot/1.2.7.RELEASE/1ade672b8c993824fbf997eb193729fe27c0b022/spring-boot-1.2.7.RELEASE.jar
7f5cf4030000-7f5cf4040000 r--s 0006b000 08:07 1048714                    /home/noomen/.gradle/caches/modules-2/files-2.1/org.springframework.boot/spring-boot-autoconfigure/1.2.7.RELEASE/5920116bb45bcb0f8006eb48d0f9279c94ed47d7/spring-boot-autoconfigure-1.2.7.RELEASE.jar
7f5cf4040000-7f5cf404b000 r--s 00086000 08:07 1048710                    /home/noomen/.gradle/caches/modules-2/files-2.1/org.mongodb/mongo-java-driver/2.12.5/8e53a39f2a5b2755ecc394d48d18026460f5da58/mongo-java-driver-2.12.5.jar
7f5cf404b000-7f5cf4067000 r--s 00103000 08:07 1048903                    /home/noomen/.gradle/caches/modules-2/files-2.1/org.mockito/mockito-core/1.10.19/e8546f5bef4e061d8dd73895b4e8f40e3fe6effe/mockito-core-1.10.19.jar
7f5cf4067000-7f5cf406f000 r--s 00045000 08:07 1048640                    /home/noomen/.gradle/caches/modules-2/files-2.1/junit/junit/4.12/2973d150c0dc1fefe998f834810d68f278ea58ec/junit-4.12.jar
7f5cf406f000-7f5cf4077000 r--s 001a4000 08:07 1049009                    /home/noomen/.gradle/caches/modules-2/files-2.1/info.cukes/gherkin/2.12.2/17138631fa20fd0e44a13e50d6b7be59cee1a94/gherkin-2.12.2.jar
7f5cf4077000-7f5cf407f000 r-xp 00000000 08:07 1197065                    /usr/lib/jvm/java-8-oracle/jre/lib/amd64/libmanagement.so
7f5cf407f000-7f5cf427f000 ---p 00008000 08:07 1197065                    /usr/lib/jvm/java-8-oracle/jre/lib/amd64/libmanagement.so
7f5cf427f000-7f5cf4280000 rw-p 00008000 08:07 1197065                    /usr/lib/jvm/java-8-oracle/jre/lib/amd64/libmanagement.so
7f5cf4280000-7f5cf8000000 rw-p 00000000 00:00 0 
7f5cf8000000-7f5cf8021000 rw-p 00000000 00:00 0 
7f5cf8021000-7f5cfc000000 ---p 00000000 00:00 0 
7f5cfc000000-7f5cfc001000 r--s 00000000 08:07 1048709                    /home/noomen/.gradle/caches/modules-2/files-2.1/org.springframework.boot/spring-boot-starter/1.2.7.RELEASE/58ecbf80587aeb883810a4be00cab15701209437/spring-boot-starter-1.2.7.RELEASE.jar
7f5cfc001000-7f5cfc002000 r--s 00000000 08:07 1048902                    /home/noomen/.gradle/caches/modules-2/files-2.1/org.springframework.boot/spring-boot-starter-test/1.2.3.RELEASE/54085e817e590cecc8fce780d5c7b89de81edcc/spring-boot-starter-test-1.2.3.RELEASE.jar
7f5cfc002000-7f5cfc003000 r--s 00000000 08:07 1048715                    /home/noomen/.gradle/caches/modules-2/files-2.1/org.springframework.boot/spring-boot-starter-logging/1.2.7.RELEASE/5da2dd7325c5b812cc11681279c9ab0bc766e9c7/spring-boot-starter-logging-1.2.7.RELEASE.jar
7f5cfc003000-7f5cfc004000 r--s 00000000 08:07 1048708                    /home/noomen/.gradle/caches/modules-2/files-2.1/org.springframework.boot/spring-boot-starter-data-mongodb/1.2.7.RELEASE/78ec0b3616ca7676bffe64110ff16add6b30633/spring-boot-starter-data-mongodb-1.2.7.RELEASE.jar
7f5cfc004000-7f5cfc005000 r--s 00007000 08:07 1048719                    /home/noomen/.gradle/caches/modules-2/files-2.1/org.slf4j/slf4j-api/1.7.12/8e20852d05222dc286bf1c71d78d0531e177c317/slf4j-api-1.7.12.jar
7f5cfc005000-7f5cfc007000 r--s 00000000 08:07 1048721                    /home/noomen/.gradle/caches/modules-2/files-2.1/org.slf4j/jul-to-slf4j/1.7.12/8811e2e9ab9055e557598dc9aedc64fd43e0ab20/jul-to-slf4j-1.7.12.jar
7f5cfc007000-7f5cfc015000 r--s 00076000 08:07 1049008                    /home/noomen/.gradle/caches/modules-2/files-2.1/info.cukes/cucumber-jvm-deps/1.0.3/cccdeff234db8b12e91ae2529812f1240b4d5603/cucumber-jvm-deps-1.0.3.jar
7f5cfc015000-7f5cfc018000 ---p 00000000 00:00 0 
7f5cfc018000-7f5cfc116000 rw-p 00000000 00:00 0                          [stack:4291]
7f5cfc116000-7f5cfc119000 ---p 00000000 00:00 0 
7f5cfc119000-7f5cfc217000 rw-p 00000000 00:00 0                          [stack:4290]
7f5cfc217000-7f5cfc21a000 ---p 00000000 00:00 0 
7f5cfc21a000-7f5cfc318000 rw-p 00000000 00:00 0                          [stack:4289]
7f5cfc318000-7f5cfc31b000 ---p 00000000 00:00 0 
7f5cfc31b000-7f5cfc419000 rw-p 00000000 00:00 0                          [stack:4288]
7f5cfc419000-7f5cfc41c000 ---p 00000000 00:00 0 
7f5cfc41c000-7f5cfc51a000 rw-p 00000000 00:00 0                          [stack:4285]
7f5cfc51a000-7f5cfc51d000 ---p 00000000 00:00 0 
7f5cfc51d000-7f5cfc61b000 rw-p 00000000 00:00 0                          [stack:4284]
7f5cfc61b000-7f5cfc61e000 ---p 00000000 00:00 0 
7f5cfc61e000-7f5cfc71c000 rw-p 00000000 00:00 0                          [stack:4281]
7f5cfc71c000-7f5cfc720000 r-xp 00000000 08:07 1197023                    /usr/lib/jvm/java-8-oracle/jre/lib/amd64/libdt_socket.so
7f5cfc720000-7f5cfc91f000 ---p 00004000 08:07 1197023                    /usr/lib/jvm/java-8-oracle/jre/lib/amd64/libdt_socket.so
7f5cfc91f000-7f5cfc920000 rw-p 00003000 08:07 1197023                    /usr/lib/jvm/java-8-oracle/jre/lib/amd64/libdt_socket.so
7f5cfc920000-7f5cfc923000 ---p 00000000 00:00 0 
7f5cfc923000-7f5cfca21000 rw-p 00000000 00:00 0                          [stack:4279]
7f5cfca21000-7f5cfca24000 ---p 00000000 00:00 0 
7f5cfca24000-7f5cfcb22000 rw-p 00000000 00:00 0                          [stack:4277]
7f5cfcb22000-7f5cfcb25000 ---p 00000000 00:00 0 
7f5cfcb25000-7f5cfcc23000 rw-p 00000000 00:00 0                          [stack:4276]
7f5cfcc23000-7f5cfcc24000 ---p 00000000 00:00 0 
7f5cfcc24000-7f5cfdd06000 rw-p 00000000 00:00 0                          [stack:4275]
7f5cfdd06000-7f5cfdedf000 r--s 03d20000 08:07 1196845                    /usr/lib/jvm/java-8-oracle/jre/lib/rt.jar
7f5cfdedf000-7f5cfeb2d000 rw-p 00000000 00:00 0 
7f5cfeb2d000-7f5cfeb2e000 ---p 00000000 00:00 0 
7f5cfeb2e000-7f5cfec2e000 rw-p 00000000 00:00 0                          [stack:4274]
7f5cfec2e000-7f5cfec2f000 ---p 00000000 00:00 0 
7f5cfec2f000-7f5cfed2f000 rw-p 00000000 00:00 0                          [stack:4273]
7f5cfed2f000-7f5cfed30000 ---p 00000000 00:00 0 
7f5cfed30000-7f5cfee5a000 rw-p 00000000 00:00 0                          [stack:4272]
7f5cfee5a000-7f5cff0c0000 ---p 00000000 00:00 0 
7f5cff0c0000-7f5cff0ea000 rw-p 00000000 00:00 0 
7f5cff0ea000-7f5cff350000 ---p 00000000 00:00 0 
7f5cff350000-7f5cff374000 rw-p 00000000 00:00 0 
7f5cff374000-7f5cff498000 ---p 00000000 00:00 0 
7f5cff498000-7f5cff4b8000 rw-p 00000000 00:00 0 
7f5cff4b8000-7f5cff859000 ---p 00000000 00:00 0 
7f5cff859000-7f5cfffe9000 rwxp 00000000 00:00 0 
7f5cfffe9000-7f5d0e859000 ---p 00000000 00:00 0 
7f5d0e859000-7f5d0e873000 r-xp 00000000 08:07 1197053                    /usr/lib/jvm/java-8-oracle/jre/lib/amd64/libzip.so
7f5d0e873000-7f5d0ea73000 ---p 0001a000 08:07 1197053                    /usr/lib/jvm/java-8-oracle/jre/lib/amd64/libzip.so
7f5d0ea73000-7f5d0ea74000 rw-p 0001a000 08:07 1197053                    /usr/lib/jvm/java-8-oracle/jre/lib/amd64/libzip.so
7f5d0ea74000-7f5d0ea80000 r-xp 00000000 08:07 3150281                    /lib/x86_64-linux-gnu/libnss_files-2.21.so
7f5d0ea80000-7f5d0ec7f000 ---p 0000c000 08:07 3150281                    /lib/x86_64-linux-gnu/libnss_files-2.21.so
7f5d0ec7f000-7f5d0ec80000 r--p 0000b000 08:07 3150281                    /lib/x86_64-linux-gnu/libnss_files-2.21.so
7f5d0ec80000-7f5d0ec81000 rw-p 0000c000 08:07 3150281                    /lib/x86_64-linux-gnu/libnss_files-2.21.so
7f5d0ec81000-7f5d0ec8c000 r-xp 00000000 08:07 3150291                    /lib/x86_64-linux-gnu/libnss_nis-2.21.so
7f5d0ec8c000-7f5d0ee8b000 ---p 0000b000 08:07 3150291                    /lib/x86_64-linux-gnu/libnss_nis-2.21.so
7f5d0ee8b000-7f5d0ee8c000 r--p 0000a000 08:07 3150291                    /lib/x86_64-linux-gnu/libnss_nis-2.21.so
7f5d0ee8c000-7f5d0ee8d000 rw-p 0000b000 08:07 3150291                    /lib/x86_64-linux-gnu/libnss_nis-2.21.so
7f5d0ee8d000-7f5d0eea4000 r-xp 00000000 08:07 3150275                    /lib/x86_64-linux-gnu/libnsl-2.21.so
7f5d0eea4000-7f5d0f0a3000 ---p 00017000 08:07 3150275                    /lib/x86_64-linux-gnu/libnsl-2.21.so
7f5d0f0a3000-7f5d0f0a4000 r--p 00016000 08:07 3150275                    /lib/x86_64-linux-gnu/libnsl-2.21.so
7f5d0f0a4000-7f5d0f0a5000 rw-p 00017000 08:07 3150275                    /lib/x86_64-linux-gnu/libnsl-2.21.so
7f5d0f0a5000-7f5d0f0a7000 rw-p 00000000 00:00 0 
7f5d0f0a7000-7f5d0f0af000 r-xp 00000000 08:07 3150277                    /lib/x86_64-linux-gnu/libnss_compat-2.21.so
7f5d0f0af000-7f5d0f2ae000 ---p 00008000 08:07 3150277                    /lib/x86_64-linux-gnu/libnss_compat-2.21.so
7f5d0f2ae000-7f5d0f2af000 r--p 00007000 08:07 3150277                    /lib/x86_64-linux-gnu/libnss_compat-2.21.so
7f5d0f2af000-7f5d0f2b0000 rw-p 00008000 08:07 3150277                    /lib/x86_64-linux-gnu/libnss_compat-2.21.so
7f5d0f2b0000-7f5d0f997000 r--p 00000000 08:07 1187645                    /usr/lib/locale/locale-archive
7f5d0f997000-7f5d0f999000 r-xp 00000000 08:07 1197024                    /usr/lib/jvm/java-8-oracle/jre/lib/amd64/libnpt.so
7f5d0f999000-7f5d0fb99000 ---p 00002000 08:07 1197024                    /usr/lib/jvm/java-8-oracle/jre/lib/amd64/libnpt.so
7f5d0fb99000-7f5d0fb9a000 rw-p 00002000 08:07 1197024                    /usr/lib/jvm/java-8-oracle/jre/lib/amd64/libnpt.so
7f5d0fb9a000-7f5d0fbd3000 r-xp 00000000 08:07 1197042                    /usr/lib/jvm/java-8-oracle/jre/lib/amd64/libjdwp.so
7f5d0fbd3000-7f5d0fdd2000 ---p 00039000 08:07 1197042                    /usr/lib/jvm/java-8-oracle/jre/lib/amd64/libjdwp.so
7f5d0fdd2000-7f5d0fdd4000 rw-p 00038000 08:07 1197042                    /usr/lib/jvm/java-8-oracle/jre/lib/amd64/libjdwp.so
7f5d0fdd4000-7f5d0fdfe000 r-xp 00000000 08:07 1197048                    /usr/lib/jvm/java-8-oracle/jre/lib/amd64/libjava.so
7f5d0fdfe000-7f5d0fffe000 ---p 0002a000 08:07 1197048                    /usr/lib/jvm/java-8-oracle/jre/lib/amd64/libjava.so
7f5d0fffe000-7f5d10000000 rw-p 0002a000 08:07 1197048                    /usr/lib/jvm/java-8-oracle/jre/lib/amd64/libjava.so
7f5d10000000-7f5d10e2f000 rw-p 00000000 00:00 0 
7f5d10e2f000-7f5d14000000 ---p 00000000 00:00 0 
7f5d14000000-7f5d14002000 r--s 00003000 08:07 1048720                    /home/noomen/.gradle/caches/modules-2/files-2.1/org.slf4j/jcl-over-slf4j/1.7.12/adef7a9e1263298255fdb5cb107ff171d07c82f3/jcl-over-slf4j-1.7.12.jar
7f5d14002000-7f5d1400c000 r--s 00029000 08:07 1049004                    /home/noomen/.gradle/caches/modules-2/files-2.1/info.cukes/cucumber-java/1.1.8/69573c9bcc077d93989266dc8591c492efffff22/cucumber-java-1.1.8.jar
7f5d1400c000-7f5d1400d000 ---p 00000000 00:00 0 
7f5d1400d000-7f5d1410d000 rw-p 00000000 00:00 0                          [stack:4271]
7f5d1410d000-7f5d1411a000 r-xp 00000000 08:07 1197052                    /usr/lib/jvm/java-8-oracle/jre/lib/amd64/libverify.so
7f5d1411a000-7f5d1431a000 ---p 0000d000 08:07 1197052                    /usr/lib/jvm/java-8-oracle/jre/lib/amd64/libverify.so
7f5d1431a000-7f5d1431c000 rw-p 0000d000 08:07 1197052                    /usr/lib/jvm/java-8-oracle/jre/lib/amd64/libverify.so
7f5d1431c000-7f5d14323000 r-xp 00000000 08:07 3150336                    /lib/x86_64-linux-gnu/librt-2.21.so
7f5d14323000-7f5d14522000 ---p 00007000 08:07 3150336                    /lib/x86_64-linux-gnu/librt-2.21.so
7f5d14522000-7f5d14523000 r--p 00006000 08:07 3150336                    /lib/x86_64-linux-gnu/librt-2.21.so
7f5d14523000-7f5d14524000 rw-p 00007000 08:07 3150336                    /lib/x86_64-linux-gnu/librt-2.21.so
7f5d14524000-7f5d1462b000 r-xp 00000000 08:07 3150254                    /lib/x86_64-linux-gnu/libm-2.21.so
7f5d1462b000-7f5d1482a000 ---p 00107000 08:07 3150254                    /lib/x86_64-linux-gnu/libm-2.21.so
7f5d1482a000-7f5d1482b000 r--p 00106000 08:07 3150254                    /lib/x86_64-linux-gnu/libm-2.21.so
7f5d1482b000-7f5d1482c000 rw-p 00107000 08:07 3150254                    /lib/x86_64-linux-gnu/libm-2.21.so
7f5d1482c000-7f5d154ea000 r-xp 00000000 08:07 1197031                    /usr/lib/jvm/java-8-oracle/jre/lib/amd64/server/libjvm.so
7f5d154ea000-7f5d156e9000 ---p 00cbe000 08:07 1197031                    /usr/lib/jvm/java-8-oracle/jre/lib/amd64/server/libjvm.so
7f5d156e9000-7f5d157c2000 rw-p 00cbd000 08:07 1197031                    /usr/lib/jvm/java-8-oracle/jre/lib/amd64/server/libjvm.so
7f5d157c2000-7f5d15806000 rw-p 00000000 00:00 0 
7f5d15806000-7f5d159c6000 r-xp 00000000 08:07 3150195                    /lib/x86_64-linux-gnu/libc-2.21.so
7f5d159c6000-7f5d15bc6000 ---p 001c0000 08:07 3150195                    /lib/x86_64-linux-gnu/libc-2.21.so
7f5d15bc6000-7f5d15bca000 r--p 001c0000 08:07 3150195                    /lib/x86_64-linux-gnu/libc-2.21.so
7f5d15bca000-7f5d15bcc000 rw-p 001c4000 08:07 3150195                    /lib/x86_64-linux-gnu/libc-2.21.so
7f5d15bcc000-7f5d15bd0000 rw-p 00000000 00:00 0 
7f5d15bd0000-7f5d15bd3000 r-xp 00000000 08:07 3150212                    /lib/x86_64-linux-gnu/libdl-2.21.so
7f5d15bd3000-7f5d15dd2000 ---p 00003000 08:07 3150212                    /lib/x86_64-linux-gnu/libdl-2.21.so
7f5d15dd2000-7f5d15dd3000 r--p 00002000 08:07 3150212                    /lib/x86_64-linux-gnu/libdl-2.21.so
7f5d15dd3000-7f5d15dd4000 rw-p 00003000 08:07 3150212                    /lib/x86_64-linux-gnu/libdl-2.21.so
7f5d15dd4000-7f5d15de9000 r-xp 00000000 08:07 1196660                    /usr/lib/jvm/java-8-oracle/lib/amd64/jli/libjli.so
7f5d15de9000-7f5d15fe9000 ---p 00015000 08:07 1196660                    /usr/lib/jvm/java-8-oracle/lib/amd64/jli/libjli.so
7f5d15fe9000-7f5d15fea000 rw-p 00015000 08:07 1196660                    /usr/lib/jvm/java-8-oracle/lib/amd64/jli/libjli.so
7f5d15fea000-7f5d16002000 r-xp 00000000 08:07 3150328                    /lib/x86_64-linux-gnu/libpthread-2.21.so
7f5d16002000-7f5d16202000 ---p 00018000 08:07 3150328                    /lib/x86_64-linux-gnu/libpthread-2.21.so
7f5d16202000-7f5d16203000 r--p 00018000 08:07 3150328                    /lib/x86_64-linux-gnu/libpthread-2.21.so
7f5d16203000-7f5d16204000 rw-p 00019000 08:07 3150328                    /lib/x86_64-linux-gnu/libpthread-2.21.so
7f5d16204000-7f5d16208000 rw-p 00000000 00:00 0 
7f5d16208000-7f5d1622c000 r-xp 00000000 08:07 3150167                    /lib/x86_64-linux-gnu/ld-2.21.so
7f5d1622c000-7f5d1622d000 r--s 00005000 08:07 1048722                    /home/noomen/.gradle/caches/modules-2/files-2.1/org.slf4j/log4j-over-slf4j/1.7.12/d2444c9c7c1923304c25f86c5ee83a79a8166205/log4j-over-slf4j-1.7.12.jar
7f5d1622d000-7f5d1622f000 r--s 00009000 08:07 1048906                    /home/noomen/.gradle/caches/modules-2/files-2.1/org.objenesis/objenesis/2.1/87c0ea803b69252868d09308b4618f766f135a96/objenesis-2.1.jar
7f5d1622f000-7f5d16230000 r--s 0000c000 08:07 1048904                    /home/noomen/.gradle/caches/modules-2/files-2.1/org.hamcrest/hamcrest-library/1.3/4785a3c21320980282f9f33d0d1264a69040538f/hamcrest-library-1.3.jar
7f5d16230000-7f5d16232000 r--s 00009000 08:07 1048641                    /home/noomen/.gradle/caches/modules-2/files-2.1/org.hamcrest/hamcrest-core/1.3/42a25dc3219429f0e5d060061f71acb49bf010a0/hamcrest-core-1.3.jar
7f5d16232000-7f5d16233000 r--s 00004000 08:07 1049005                    /home/noomen/.gradle/caches/modules-2/files-2.1/info.cukes/cucumber-junit/1.1.8/e3eb55d0d9386e3ad4dc0efb8518d36c82971dba/cucumber-junit-1.1.8.jar
7f5d16233000-7f5d16239000 r--s 0002e000 08:07 1049006                    /home/noomen/.gradle/caches/modules-2/files-2.1/info.cukes/cucumber-core/1.1.8/34567b4b74dcc1487fbea0fe15fc072876aabe53/cucumber-core-1.1.8.jar
7f5d16239000-7f5d1623b000 r--s 0000e000 08:07 1048678                    /home/noomen/.gradle/caches/modules-2/files-2.1/commons-logging/commons-logging/1.2/4bfc12adfe4842bf07b657f0369c4cb522955686/commons-logging-1.2.jar
7f5d1623b000-7f5d16306000 rw-p 00000000 00:00 0 
7f5d16306000-7f5d16309000 ---p 00000000 00:00 0 
7f5d16309000-7f5d1640b000 rw-p 00000000 00:00 0                          [stack:4269]
7f5d1640b000-7f5d1640c000 r--s 00009000 08:07 1049007                    /home/noomen/.gradle/caches/modules-2/files-2.1/info.cukes/cucumber-html/0.2.3/624a0c986088e32910336dd77aee5191c04a8201/cucumber-html-0.2.3.jar
7f5d1640c000-7f5d16417000 r--s 00065000 08:07 1048724                    /home/noomen/.gradle/caches/modules-2/files-2.1/ch.qos.logback/logback-core/1.1.3/e3c02049f2dbbc764681b40094ecf0dcbc99b157/logback-core-1.1.3.jar
7f5d16417000-7f5d1641d000 r--s 0003f000 08:07 1048723                    /home/noomen/.gradle/caches/modules-2/files-2.1/ch.qos.logback/logback-classic/1.1.3/d90276fff414f06cb375f2057f6778cd63c6082f/logback-classic-1.1.3.jar
7f5d1641d000-7f5d1641f000 r--s 00000000 08:07 1048727                    /home/noomen/.gradle/caches/modules-2/files-2.1/aopalliance/aopalliance/1.0/235ba8b489512805ac13a8f9ea77a1ca5ebe3e8/aopalliance-1.0.jar
7f5d1641f000-7f5d16427000 rw-s 00000000 08:07 1842648                    /tmp/hsperfdata_noomen/4264
7f5d16427000-7f5d16428000 rw-p 00000000 00:00 0 
7f5d16428000-7f5d16429000 r--p 00000000 00:00 0 
7f5d16429000-7f5d1642b000 rw-p 00000000 00:00 0 
7f5d1642b000-7f5d1642c000 r--p 00023000 08:07 3150167                    /lib/x86_64-linux-gnu/ld-2.21.so
7f5d1642c000-7f5d1642d000 rw-p 00024000 08:07 3150167                    /lib/x86_64-linux-gnu/ld-2.21.so
7f5d1642d000-7f5d1642e000 rw-p 00000000 00:00 0 
7fffeabcf000-7fffeabf1000 rw-p 00000000 00:00 0                          [stack]
7fffeabf2000-7fffeabf4000 r--p 00000000 00:00 0                          [vvar]
7fffeabf4000-7fffeabf6000 r-xp 00000000 00:00 0                          [vdso]
ffffffffff600000-ffffffffff601000 r-xp 00000000 00:00 0                  [vsyscall]

VM Arguments:
jvm_args: -agentlib:jdwp=transport=dt_socket,suspend=y,address=localhost:42793 -Dcom.sun.management.jmxremote -Dcom.sun.management.jmxremote.port=19991 -Dcom.sun.management.jmxremote.authenticate=false -Dcom.sun.management.jmxremote.ssl=false -Dspring.liveBeansView.mbeanDomain -Dspring.application.admin.enabled=true -Djava.security.egd=file:/dev/./urandom -Dfile.encoding=UTF-8 
java_command: quiz.dsl.Application
java_class_path (initial): /home/noomen/git/progrock.dummy.mgl804/bin:/home/noomen/.gradle/caches/modules-2/files-2.1/aopalliance/aopalliance/1.0/235ba8b489512805ac13a8f9ea77a1ca5ebe3e8/aopalliance-1.0.jar:/home/noomen/.gradle/caches/modules-2/files-2.1/ch.qos.logback/logback-classic/1.1.3/d90276fff414f06cb375f2057f6778cd63c6082f/logback-classic-1.1.3.jar:/home/noomen/.gradle/caches/modules-2/files-2.1/ch.qos.logback/logback-core/1.1.3/e3c02049f2dbbc764681b40094ecf0dcbc99b157/logback-core-1.1.3.jar:/home/noomen/.gradle/caches/modules-2/files-2.1/commons-logging/commons-logging/1.2/4bfc12adfe4842bf07b657f0369c4cb522955686/commons-logging-1.2.jar:/home/noomen/.gradle/caches/modules-2/files-2.1/info.cukes/cucumber-core/1.1.8/34567b4b74dcc1487fbea0fe15fc072876aabe53/cucumber-core-1.1.8.jar:/home/noomen/.gradle/caches/modules-2/files-2.1/info.cukes/cucumber-html/0.2.3/624a0c986088e32910336dd77aee5191c04a8201/cucumber-html-0.2.3.jar:/home/noomen/.gradle/caches/modules-2/files-2.1/info.cukes/cucumber-java/1.1.8/69573c9bcc077d93989266dc8591c492efffff22/cucumber-java-1.1.8.jar:/home/noomen/.gradle/caches/modules-2/files-2.1/info.cukes/cucumber-junit/1.1.8/e3eb55d0d9386e3ad4dc0efb8518d36c82971dba/cucumber-junit-1.1.8.jar:/home/noomen/.gradle/caches/modules-2/files-2.1/info.cukes/cucumber-jvm-deps/1.0.3/cccdeff234db8b12e91ae2529812f1240b4d5603/cucumber-jvm-deps-1.0.3.jar:/home/noomen/.gradle/caches/modules-2/files-2.1/info.cukes/gherkin/2.12.2/17138631fa20fd0e44a13e50d6b7be59cee1a94/gherkin-2.12.2.jar:/home/noomen/.gradle/caches/modules-2/files-2.1/junit/junit/4.12/2973d150c0dc1fefe998f834810d68f278ea58ec/junit-4.12.jar:/home/noomen/.gradle/caches/modules-2/files-2.1/org.hamcrest/hamcrest-core/1.3/42a25dc3219429f0e5d060061f71acb49bf010a0/hamcrest-core-1.3.jar:/home/noomen/.gradle/caches/modules-2/files-2.1/org.hamcrest/hamcrest-library/1.3/4785a3c21320980282f9f33d0d1264a69040538f/hamcrest-library-1.3.jar:/home/noomen/.gradle/caches/modules-2/files-2.1/org.mockito/mockito-cor
Launcher Type: SUN_STANDARD

Environment Variables:
PATH=/usr/local/sbin:/usr/local/bin:/usr/sbin:/usr/bin:/sbin:/bin:/usr/games:/usr/local/games
SHELL=/bin/bash
DISPLAY=:0.0

Signal Handlers:
SIGSEGV: [libjvm.so+0xaba2a0], sa_mask[0]=11111111011111111101111111111110, sa_flags=SA_RESTART|SA_SIGINFO
SIGBUS: [libjvm.so+0xaba2a0], sa_mask[0]=11111111011111111101111111111110, sa_flags=SA_RESTART|SA_SIGINFO
SIGFPE: [libjvm.so+0x917710], sa_mask[0]=11111111011111111101111111111110, sa_flags=SA_RESTART|SA_SIGINFO
SIGPIPE: [libjvm.so+0x917710], sa_mask[0]=11111111011111111101111111111110, sa_flags=SA_RESTART|SA_SIGINFO
SIGXFSZ: [libjvm.so+0x917710], sa_mask[0]=11111111011111111101111111111110, sa_flags=SA_RESTART|SA_SIGINFO
SIGILL: [libjvm.so+0x917710], sa_mask[0]=11111111011111111101111111111110, sa_flags=SA_RESTART|SA_SIGINFO
SIGUSR1: SIG_DFL, sa_mask[0]=00000000000000000000000000000000, sa_flags=none
SIGUSR2: [libjvm.so+0x918d40], sa_mask[0]=00100000000000000000000000000000, sa_flags=SA_RESTART|SA_SIGINFO
SIGHUP: [libjvm.so+0x91a140], sa_mask[0]=11111111011111111101111111111110, sa_flags=SA_RESTART|SA_SIGINFO
SIGINT: [libjvm.so+0x91a140], sa_mask[0]=11111111011111111101111111111110, sa_flags=SA_RESTART|SA_SIGINFO
SIGTERM: [libjvm.so+0x91a140], sa_mask[0]=11111111011111111101111111111110, sa_flags=SA_RESTART|SA_SIGINFO
SIGQUIT: [libjvm.so+0x91a140], sa_mask[0]=11111111011111111101111111111110, sa_flags=SA_RESTART|SA_SIGINFO


---------------  S Y S T E M  ---------------

OS:DISTRIB_ID=Ubuntu
DISTRIB_RELEASE=15.10
DISTRIB_CODENAME=wily
DISTRIB_DESCRIPTION="Ubuntu 15.10"

uname:Linux 4.2.0-18-generic #22-Ubuntu SMP Fri Nov 6 18:25:50 UTC 2015 x86_64
libc:glibc 2.21 NPTL 2.21 
rlimit: STACK 8192k, CORE 0k, NPROC 31068, NOFILE 65536, AS infinity
load average:0,74 0,74 0,86

/proc/meminfo:
MemTotal:        8053516 kB
MemFree:         1989036 kB
MemAvailable:    4492960 kB
Buffers:           89816 kB
Cached:          2661532 kB
SwapCached:            0 kB
Active:          3648464 kB
Inactive:        2176360 kB
Active(anon):    3076912 kB
Inactive(anon):   307856 kB
Active(file):     571552 kB
Inactive(file):  1868504 kB
Unevictable:          16 kB
Mlocked:              16 kB
SwapTotal:             0 kB
SwapFree:              0 kB
Dirty:               304 kB
Writeback:             0 kB
AnonPages:       3073572 kB
Mapped:           451944 kB
Shmem:            311296 kB
Slab:             142620 kB
SReclaimable:     106132 kB
SUnreclaim:        36488 kB
KernelStack:       10928 kB
PageTables:        37536 kB
NFS_Unstable:          0 kB
Bounce:                0 kB
WritebackTmp:          0 kB
CommitLimit:     4026756 kB
Committed_AS:    7696544 kB
VmallocTotal:   34359738367 kB
VmallocUsed:      552376 kB
VmallocChunk:   34358423548 kB
HardwareCorrupted:     0 kB
AnonHugePages:   1845248 kB
CmaTotal:              0 kB
CmaFree:               0 kB
HugePages_Total:       0
HugePages_Free:        0
HugePages_Rsvd:        0
HugePages_Surp:        0
Hugepagesize:       2048 kB
DirectMap4k:      107968 kB
DirectMap2M:     2916352 kB
DirectMap1G:     6291456 kB


CPU:total 4 (2 cores per cpu, 2 threads per core) family 6 model 69 stepping 1, cmov, cx8, fxsr, mmx, sse, sse2, sse3, ssse3, sse4.1, sse4.2, popcnt, avx, avx2, aes, clmul, erms, lzcnt, ht, tsc, tscinvbit, bmi1, bmi2

/proc/cpuinfo:
processor	: 0
vendor_id	: GenuineIntel
cpu family	: 6
model		: 69
model name	: Intel(R) Core(TM) i7-4510U CPU @ 2.00GHz
stepping	: 1
microcode	: 0x1c
cpu MHz		: 2792.562
cache size	: 4096 KB
physical id	: 0
siblings	: 4
core id		: 0
cpu cores	: 2
apicid		: 0
initial apicid	: 0
fpu		: yes
fpu_exception	: yes
cpuid level	: 13
wp		: yes
flags		: fpu vme de pse tsc msr pae mce cx8 apic sep mtrr pge mca cmov pat pse36 clflush dts acpi mmx fxsr sse sse2 ss ht tm pbe syscall nx pdpe1gb rdtscp lm constant_tsc arch_perfmon pebs bts rep_good nopl xtopology nonstop_tsc aperfmperf eagerfpu pni pclmulqdq dtes64 monitor ds_cpl vmx est tm2 ssse3 fma cx16 xtpr pdcm pcid sse4_1 sse4_2 movbe popcnt tsc_deadline_timer aes xsave avx f16c rdrand lahf_lm abm ida arat epb pln pts dtherm tpr_shadow vnmi flexpriority ept vpid fsgsbase tsc_adjust bmi1 avx2 smep bmi2 erms invpcid xsaveopt
bugs		:
bogomips	: 5188.29
clflush size	: 64
cache_alignment	: 64
address sizes	: 39 bits physical, 48 bits virtual
power management:

processor	: 1
vendor_id	: GenuineIntel
cpu family	: 6
model		: 69
model name	: Intel(R) Core(TM) i7-4510U CPU @ 2.00GHz
stepping	: 1
microcode	: 0x1c
cpu MHz		: 2732.031
cache size	: 4096 KB
physical id	: 0
siblings	: 4
core id		: 0
cpu cores	: 2
apicid		: 1
initial apicid	: 1
fpu		: yes
fpu_exception	: yes
cpuid level	: 13
wp		: yes
flags		: fpu vme de pse tsc msr pae mce cx8 apic sep mtrr pge mca cmov pat pse36 clflush dts acpi mmx fxsr sse sse2 ss ht tm pbe syscall nx pdpe1gb rdtscp lm constant_tsc arch_perfmon pebs bts rep_good nopl xtopology nonstop_tsc aperfmperf eagerfpu pni pclmulqdq dtes64 monitor ds_cpl vmx est tm2 ssse3 fma cx16 xtpr pdcm pcid sse4_1 sse4_2 movbe popcnt tsc_deadline_timer aes xsave avx f16c rdrand lahf_lm abm ida arat epb pln pts dtherm tpr_shadow vnmi flexpriority ept vpid fsgsbase tsc_adjust bmi1 avx2 smep bmi2 erms invpcid xsaveopt
bugs		:
bogomips	: 5188.29
clflush size	: 64
cache_alignment	: 64
address sizes	: 39 bits physical, 48 bits virtual
power management:

processor	: 2
vendor_id	: GenuineIntel
cpu family	: 6
model		: 69
model name	: Intel(R) Core(TM) i7-4510U CPU @ 2.00GHz
stepping	: 1
microcode	: 0x1c
cpu MHz		: 2737.414
cache size	: 4096 KB
physical id	: 0
siblings	: 4
core id		: 1
cpu cores	: 2
apicid		: 2
initial apicid	: 2
fpu		: yes
fpu_exception	: yes
cpuid level	: 13
wp		: yes
flags		: fpu vme de pse tsc msr pae mce cx8 apic sep mtrr pge mca cmov pat pse36 clflush dts acpi mmx fxsr sse sse2 ss ht tm pbe syscall nx pdpe1gb rdtscp lm constant_tsc arch_perfmon pebs bts rep_good nopl xtopology nonstop_tsc aperfmperf eagerfpu pni pclmulqdq dtes64 monitor ds_cpl vmx est tm2 ssse3 fma cx16 xtpr pdcm pcid sse4_1 sse4_2 movbe popcnt tsc_deadline_timer aes xsave avx f16c rdrand lahf_lm abm ida arat epb pln pts dtherm tpr_shadow vnmi flexpriority ept vpid fsgsbase tsc_adjust bmi1 avx2 smep bmi2 erms invpcid xsaveopt
bugs		:
bogomips	: 5188.29
clflush size	: 64
cache_alignment	: 64
address sizes	: 39 bits physical, 48 bits virtual
power management:

processor	: 3
vendor_id	: GenuineIntel
cpu family	: 6
model		: 69
model name	: Intel(R) Core(TM) i7-4510U CPU @ 2.00GHz
stepping	: 1
microcode	: 0x1c
cpu MHz		: 2792.562
cache size	: 4096 KB
physical id	: 0
siblings	: 4
core id		: 1
cpu cores	: 2
apicid		: 3
initial apicid	: 3
fpu		: yes
fpu_exception	: yes
cpuid level	: 13
wp		: yes
flags		: fpu vme de pse tsc msr pae mce cx8 apic sep mtrr pge mca cmov pat pse36 clflush dts acpi mmx fxsr sse sse2 ss ht tm pbe syscall nx pdpe1gb rdtscp lm constant_tsc arch_perfmon pebs bts rep_good nopl xtopology nonstop_tsc aperfmperf eagerfpu pni pclmulqdq dtes64 monitor ds_cpl vmx est tm2 ssse3 fma cx16 xtpr pdcm pcid sse4_1 sse4_2 movbe popcnt tsc_deadline_timer aes xsave avx f16c rdrand lahf_lm abm ida arat epb pln pts dtherm tpr_shadow vnmi flexpriority ept vpid fsgsbase tsc_adjust bmi1 avx2 smep bmi2 erms invpcid xsaveopt
bugs		:
bogomips	: 5188.29
clflush size	: 64
cache_alignment	: 64
address sizes	: 39 bits physical, 48 bits virtual
power management:



Memory: 4k page, physical 8053516k(1989036k free), swap 0k(0k free)

vm_info: Java HotSpot(TM) 64-Bit Server VM (25.66-b17) for linux-amd64 JRE (1.8.0_66-b17), built on Oct  6 2015 17:28:34 by "java_re" with gcc 4.3.0 20080428 (Red Hat 4.3.0-8)

time: Sat Dec  5 18:32:02 2015
elapsed time: 178 seconds (0d 0h 2m 58s)

